  TermProject.c
c:\users\happy\source\repos\openglproject\openglproject\termproject.c(26): warning C4244: '함수': 'GLfloat'에서 'GLsizei'(으)로 변환하면서 데이터가 손실될 수 있습니다.
c:\users\happy\source\repos\openglproject\openglproject\termproject.c(67): warning C4244: '함수': 'double'에서 'GLfloat'(으)로 변환하면서 데이터가 손실될 수 있습니다.
c:\users\happy\source\repos\openglproject\openglproject\termproject.c(78): warning C4305: '함수': 'double'에서 'GLfloat'(으)로 잘립니다.
c:\users\happy\source\repos\openglproject\openglproject\termproject.c(79): warning C4305: '함수': 'double'에서 'GLfloat'(으)로 잘립니다.
c:\users\happy\source\repos\openglproject\openglproject\termproject.c(80): warning C4305: '함수': 'double'에서 'GLfloat'(으)로 잘립니다.
c:\users\happy\source\repos\openglproject\openglproject\termproject.c(81): warning C4305: '함수': 'double'에서 'GLfloat'(으)로 잘립니다.
c:\users\happy\source\repos\openglproject\openglproject\termproject.c(84): warning C4305: '함수': 'double'에서 'GLfloat'(으)로 잘립니다.
c:\users\happy\source\repos\openglproject\openglproject\termproject.c(85): warning C4305: '함수': 'double'에서 'GLfloat'(으)로 잘립니다.
c:\users\happy\source\repos\openglproject\openglproject\termproject.c(86): warning C4305: '함수': 'double'에서 'GLfloat'(으)로 잘립니다.
c:\users\happy\source\repos\openglproject\openglproject\termproject.c(87): warning C4305: '함수': 'double'에서 'GLfloat'(으)로 잘립니다.
c:\users\happy\source\repos\openglproject\openglproject\termproject.c(90): warning C4305: '함수': 'double'에서 'GLfloat'(으)로 잘립니다.
c:\users\happy\source\repos\openglproject\openglproject\termproject.c(91): warning C4305: '함수': 'double'에서 'GLfloat'(으)로 잘립니다.
c:\users\happy\source\repos\openglproject\openglproject\termproject.c(92): warning C4305: '함수': 'double'에서 'GLfloat'(으)로 잘립니다.
c:\users\happy\source\repos\openglproject\openglproject\termproject.c(93): warning C4305: '함수': 'double'에서 'GLfloat'(으)로 잘립니다.
c:\users\happy\source\repos\openglproject\openglproject\termproject.c(96): warning C4305: '함수': 'double'에서 'GLfloat'(으)로 잘립니다.
c:\users\happy\source\repos\openglproject\openglproject\termproject.c(97): warning C4305: '함수': 'double'에서 'GLfloat'(으)로 잘립니다.
c:\users\happy\source\repos\openglproject\openglproject\termproject.c(98): warning C4305: '함수': 'double'에서 'GLfloat'(으)로 잘립니다.
c:\users\happy\source\repos\openglproject\openglproject\termproject.c(99): warning C4305: '함수': 'double'에서 'GLfloat'(으)로 잘립니다.
c:\users\happy\source\repos\openglproject\openglproject\termproject.c(102): warning C4305: '함수': 'double'에서 'GLfloat'(으)로 잘립니다.
c:\users\happy\source\repos\openglproject\openglproject\termproject.c(103): warning C4305: '함수': 'double'에서 'GLfloat'(으)로 잘립니다.
c:\users\happy\source\repos\openglproject\openglproject\termproject.c(104): warning C4305: '함수': 'double'에서 'GLfloat'(으)로 잘립니다.
c:\users\happy\source\repos\openglproject\openglproject\termproject.c(105): warning C4305: '함수': 'double'에서 'GLfloat'(으)로 잘립니다.
c:\users\happy\source\repos\openglproject\openglproject\termproject.c(108): warning C4305: '함수': 'double'에서 'GLfloat'(으)로 잘립니다.
c:\users\happy\source\repos\openglproject\openglproject\termproject.c(109): warning C4305: '함수': 'double'에서 'GLfloat'(으)로 잘립니다.
c:\users\happy\source\repos\openglproject\openglproject\termproject.c(110): warning C4305: '함수': 'double'에서 'GLfloat'(으)로 잘립니다.
c:\users\happy\source\repos\openglproject\openglproject\termproject.c(111): warning C4305: '함수': 'double'에서 'GLfloat'(으)로 잘립니다.
c:\users\happy\source\repos\openglproject\openglproject\termproject.c(114): warning C4305: '함수': 'double'에서 'GLfloat'(으)로 잘립니다.
c:\users\happy\source\repos\openglproject\openglproject\termproject.c(115): warning C4305: '함수': 'double'에서 'GLfloat'(으)로 잘립니다.
c:\users\happy\source\repos\openglproject\openglproject\termproject.c(116): warning C4305: '함수': 'double'에서 'GLfloat'(으)로 잘립니다.
c:\users\happy\source\repos\openglproject\openglproject\termproject.c(117): warning C4305: '함수': 'double'에서 'GLfloat'(으)로 잘립니다.
c:\users\happy\source\repos\openglproject\openglproject\termproject.c(120): warning C4305: '함수': 'double'에서 'GLfloat'(으)로 잘립니다.
c:\users\happy\source\repos\openglproject\openglproject\termproject.c(121): warning C4305: '함수': 'double'에서 'GLfloat'(으)로 잘립니다.
c:\users\happy\source\repos\openglproject\openglproject\termproject.c(122): warning C4305: '함수': 'double'에서 'GLfloat'(으)로 잘립니다.
c:\users\happy\source\repos\openglproject\openglproject\termproject.c(123): warning C4305: '함수': 'double'에서 'GLfloat'(으)로 잘립니다.
c:\users\happy\source\repos\openglproject\openglproject\termproject.c(126): warning C4305: '함수': 'double'에서 'GLfloat'(으)로 잘립니다.
c:\users\happy\source\repos\openglproject\openglproject\termproject.c(127): warning C4305: '함수': 'double'에서 'GLfloat'(으)로 잘립니다.
c:\users\happy\source\repos\openglproject\openglproject\termproject.c(128): warning C4305: '함수': 'double'에서 'GLfloat'(으)로 잘립니다.
c:\users\happy\source\repos\openglproject\openglproject\termproject.c(129): warning C4305: '함수': 'double'에서 'GLfloat'(으)로 잘립니다.
c:\users\happy\source\repos\openglproject\openglproject\termproject.c(132): warning C4305: '함수': 'double'에서 'GLfloat'(으)로 잘립니다.
c:\users\happy\source\repos\openglproject\openglproject\termproject.c(133): warning C4305: '함수': 'double'에서 'GLfloat'(으)로 잘립니다.
c:\users\happy\source\repos\openglproject\openglproject\termproject.c(134): warning C4305: '함수': 'double'에서 'GLfloat'(으)로 잘립니다.
c:\users\happy\source\repos\openglproject\openglproject\termproject.c(135): warning C4305: '함수': 'double'에서 'GLfloat'(으)로 잘립니다.
c:\users\happy\source\repos\openglproject\openglproject\termproject.c(138): warning C4305: '함수': 'double'에서 'GLfloat'(으)로 잘립니다.
c:\users\happy\source\repos\openglproject\openglproject\termproject.c(139): warning C4305: '함수': 'double'에서 'GLfloat'(으)로 잘립니다.
c:\users\happy\source\repos\openglproject\openglproject\termproject.c(140): warning C4305: '함수': 'double'에서 'GLfloat'(으)로 잘립니다.
c:\users\happy\source\repos\openglproject\openglproject\termproject.c(141): warning C4305: '함수': 'double'에서 'GLfloat'(으)로 잘립니다.
c:\users\happy\source\repos\openglproject\openglproject\termproject.c(144): warning C4305: '함수': 'double'에서 'GLfloat'(으)로 잘립니다.
c:\users\happy\source\repos\openglproject\openglproject\termproject.c(145): warning C4305: '함수': 'double'에서 'GLfloat'(으)로 잘립니다.
c:\users\happy\source\repos\openglproject\openglproject\termproject.c(146): warning C4305: '함수': 'double'에서 'GLfloat'(으)로 잘립니다.
c:\users\happy\source\repos\openglproject\openglproject\termproject.c(147): warning C4305: '함수': 'double'에서 'GLfloat'(으)로 잘립니다.
c:\users\happy\source\repos\openglproject\openglproject\termproject.c(149): warning C4305: '함수': 'double'에서 'GLfloat'(으)로 잘립니다.
c:\users\happy\source\repos\openglproject\openglproject\termproject.c(150): warning C4305: '함수': 'double'에서 'GLfloat'(으)로 잘립니다.
c:\users\happy\source\repos\openglproject\openglproject\termproject.c(151): warning C4305: '함수': 'double'에서 'GLfloat'(으)로 잘립니다.
c:\users\happy\source\repos\openglproject\openglproject\termproject.c(152): warning C4305: '함수': 'double'에서 'GLfloat'(으)로 잘립니다.
c:\users\happy\source\repos\openglproject\openglproject\termproject.c(155): warning C4305: '함수': 'double'에서 'GLfloat'(으)로 잘립니다.
c:\users\happy\source\repos\openglproject\openglproject\termproject.c(156): warning C4305: '함수': 'double'에서 'GLfloat'(으)로 잘립니다.
c:\users\happy\source\repos\openglproject\openglproject\termproject.c(157): warning C4305: '함수': 'double'에서 'GLfloat'(으)로 잘립니다.
c:\users\happy\source\repos\openglproject\openglproject\termproject.c(158): warning C4305: '함수': 'double'에서 'GLfloat'(으)로 잘립니다.
c:\users\happy\source\repos\openglproject\openglproject\termproject.c(161): warning C4305: '함수': 'double'에서 'GLfloat'(으)로 잘립니다.
c:\users\happy\source\repos\openglproject\openglproject\termproject.c(162): warning C4305: '함수': 'double'에서 'GLfloat'(으)로 잘립니다.
c:\users\happy\source\repos\openglproject\openglproject\termproject.c(163): warning C4305: '함수': 'double'에서 'GLfloat'(으)로 잘립니다.
c:\users\happy\source\repos\openglproject\openglproject\termproject.c(164): warning C4305: '함수': 'double'에서 'GLfloat'(으)로 잘립니다.
c:\users\happy\source\repos\openglproject\openglproject\termproject.c(167): warning C4305: '함수': 'double'에서 'GLfloat'(으)로 잘립니다.
c:\users\happy\source\repos\openglproject\openglproject\termproject.c(168): warning C4305: '함수': 'double'에서 'GLfloat'(으)로 잘립니다.
c:\users\happy\source\repos\openglproject\openglproject\termproject.c(169): warning C4305: '함수': 'double'에서 'GLfloat'(으)로 잘립니다.
c:\users\happy\source\repos\openglproject\openglproject\termproject.c(170): warning C4305: '함수': 'double'에서 'GLfloat'(으)로 잘립니다.
c:\users\happy\source\repos\openglproject\openglproject\termproject.c(171): warning C4305: '함수': 'double'에서 'GLfloat'(으)로 잘립니다.
c:\users\happy\source\repos\openglproject\openglproject\termproject.c(173): warning C4305: '함수': 'double'에서 'GLfloat'(으)로 잘립니다.
c:\users\happy\source\repos\openglproject\openglproject\termproject.c(174): warning C4305: '함수': 'double'에서 'GLfloat'(으)로 잘립니다.
c:\users\happy\source\repos\openglproject\openglproject\termproject.c(175): warning C4305: '함수': 'double'에서 'GLfloat'(으)로 잘립니다.
c:\users\happy\source\repos\openglproject\openglproject\termproject.c(176): warning C4305: '함수': 'double'에서 'GLfloat'(으)로 잘립니다.
c:\users\happy\source\repos\openglproject\openglproject\termproject.c(179): warning C4305: '함수': 'double'에서 'GLfloat'(으)로 잘립니다.
c:\users\happy\source\repos\openglproject\openglproject\termproject.c(180): warning C4305: '함수': 'double'에서 'GLfloat'(으)로 잘립니다.
c:\users\happy\source\repos\openglproject\openglproject\termproject.c(181): warning C4305: '함수': 'double'에서 'GLfloat'(으)로 잘립니다.
c:\users\happy\source\repos\openglproject\openglproject\termproject.c(182): warning C4305: '함수': 'double'에서 'GLfloat'(으)로 잘립니다.
c:\users\happy\source\repos\openglproject\openglproject\termproject.c(184): warning C4305: '함수': 'double'에서 'GLfloat'(으)로 잘립니다.
c:\users\happy\source\repos\openglproject\openglproject\termproject.c(185): warning C4305: '함수': 'double'에서 'GLfloat'(으)로 잘립니다.
c:\users\happy\source\repos\openglproject\openglproject\termproject.c(186): warning C4305: '함수': 'double'에서 'GLfloat'(으)로 잘립니다.
c:\users\happy\source\repos\openglproject\openglproject\termproject.c(187): warning C4305: '함수': 'double'에서 'GLfloat'(으)로 잘립니다.
c:\users\happy\source\repos\openglproject\openglproject\termproject.c(189): warning C4305: '함수': 'double'에서 'GLfloat'(으)로 잘립니다.
c:\users\happy\source\repos\openglproject\openglproject\termproject.c(190): warning C4305: '함수': 'double'에서 'GLfloat'(으)로 잘립니다.
c:\users\happy\source\repos\openglproject\openglproject\termproject.c(191): warning C4305: '함수': 'double'에서 'GLfloat'(으)로 잘립니다.
c:\users\happy\source\repos\openglproject\openglproject\termproject.c(192): warning C4305: '함수': 'double'에서 'GLfloat'(으)로 잘립니다.
c:\users\happy\source\repos\openglproject\openglproject\termproject.c(194): warning C4305: '함수': 'double'에서 'GLfloat'(으)로 잘립니다.
c:\users\happy\source\repos\openglproject\openglproject\termproject.c(195): warning C4305: '함수': 'double'에서 'GLfloat'(으)로 잘립니다.
c:\users\happy\source\repos\openglproject\openglproject\termproject.c(196): warning C4305: '함수': 'double'에서 'GLfloat'(으)로 잘립니다.
c:\users\happy\source\repos\openglproject\openglproject\termproject.c(197): warning C4305: '함수': 'double'에서 'GLfloat'(으)로 잘립니다.
c:\users\happy\source\repos\openglproject\openglproject\termproject.c(199): warning C4305: '함수': 'double'에서 'GLfloat'(으)로 잘립니다.
c:\users\happy\source\repos\openglproject\openglproject\termproject.c(200): warning C4305: '함수': 'double'에서 'GLfloat'(으)로 잘립니다.
c:\users\happy\source\repos\openglproject\openglproject\termproject.c(201): warning C4305: '함수': 'double'에서 'GLfloat'(으)로 잘립니다.
c:\users\happy\source\repos\openglproject\openglproject\termproject.c(202): warning C4305: '함수': 'double'에서 'GLfloat'(으)로 잘립니다.
c:\users\happy\source\repos\openglproject\openglproject\termproject.c(204): warning C4305: '함수': 'double'에서 'GLfloat'(으)로 잘립니다.
c:\users\happy\source\repos\openglproject\openglproject\termproject.c(205): warning C4305: '함수': 'double'에서 'GLfloat'(으)로 잘립니다.
c:\users\happy\source\repos\openglproject\openglproject\termproject.c(206): warning C4305: '함수': 'double'에서 'GLfloat'(으)로 잘립니다.
c:\users\happy\source\repos\openglproject\openglproject\termproject.c(207): warning C4305: '함수': 'double'에서 'GLfloat'(으)로 잘립니다.
c:\users\happy\source\repos\openglproject\openglproject\termproject.c(208): warning C4305: '함수': 'double'에서 'GLfloat'(으)로 잘립니다.
c:\users\happy\source\repos\openglproject\openglproject\termproject.c(210): warning C4305: '함수': 'double'에서 'GLfloat'(으)로 잘립니다.
c:\users\happy\source\repos\openglproject\openglproject\termproject.c(211): warning C4305: '함수': 'double'에서 'GLfloat'(으)로 잘립니다.
c:\users\happy\source\repos\openglproject\openglproject\termproject.c(212): warning C4305: '함수': 'double'에서 'GLfloat'(으)로 잘립니다.
c:\users\happy\source\repos\openglproject\openglproject\termproject.c(213): warning C4305: '함수': 'double'에서 'GLfloat'(으)로 잘립니다.
c:\users\happy\source\repos\openglproject\openglproject\termproject.c(220): warning C4305: '함수': 'double'에서 'GLfloat'(으)로 잘립니다.
c:\users\happy\source\repos\openglproject\openglproject\termproject.c(221): warning C4305: '함수': 'double'에서 'GLfloat'(으)로 잘립니다.
c:\users\happy\source\repos\openglproject\openglproject\termproject.c(222): warning C4305: '함수': 'double'에서 'GLfloat'(으)로 잘립니다.
c:\users\happy\source\repos\openglproject\openglproject\termproject.c(223): warning C4305: '함수': 'double'에서 'GLfloat'(으)로 잘립니다.
c:\users\happy\source\repos\openglproject\openglproject\termproject.c(225): warning C4305: '함수': 'double'에서 'GLfloat'(으)로 잘립니다.
c:\users\happy\source\repos\openglproject\openglproject\termproject.c(226): warning C4305: '함수': 'double'에서 'GLfloat'(으)로 잘립니다.
c:\users\happy\source\repos\openglproject\openglproject\termproject.c(227): warning C4305: '함수': 'double'에서 'GLfloat'(으)로 잘립니다.
c:\users\happy\source\repos\openglproject\openglproject\termproject.c(228): warning C4305: '함수': 'double'에서 'GLfloat'(으)로 잘립니다.
c:\users\happy\source\repos\openglproject\openglproject\termproject.c(229): warning C4305: '함수': 'double'에서 'GLfloat'(으)로 잘립니다.
c:\users\happy\source\repos\openglproject\openglproject\termproject.c(232): warning C4305: '함수': 'double'에서 'GLfloat'(으)로 잘립니다.
c:\users\happy\source\repos\openglproject\openglproject\termproject.c(233): warning C4305: '함수': 'double'에서 'GLfloat'(으)로 잘립니다.
c:\users\happy\source\repos\openglproject\openglproject\termproject.c(234): warning C4305: '함수': 'double'에서 'GLfloat'(으)로 잘립니다.
c:\users\happy\source\repos\openglproject\openglproject\termproject.c(235): warning C4305: '함수': 'double'에서 'GLfloat'(으)로 잘립니다.
c:\users\happy\source\repos\openglproject\openglproject\termproject.c(237): warning C4305: '함수': 'double'에서 'GLfloat'(으)로 잘립니다.
c:\users\happy\source\repos\openglproject\openglproject\termproject.c(238): warning C4305: '함수': 'double'에서 'GLfloat'(으)로 잘립니다.
c:\users\happy\source\repos\openglproject\openglproject\termproject.c(239): warning C4305: '함수': 'double'에서 'GLfloat'(으)로 잘립니다.
c:\users\happy\source\repos\openglproject\openglproject\termproject.c(240): warning C4305: '함수': 'double'에서 'GLfloat'(으)로 잘립니다.
c:\users\happy\source\repos\openglproject\openglproject\termproject.c(241): warning C4305: '함수': 'double'에서 'GLfloat'(으)로 잘립니다.
c:\users\happy\source\repos\openglproject\openglproject\termproject.c(244): warning C4305: '함수': 'double'에서 'GLfloat'(으)로 잘립니다.
c:\users\happy\source\repos\openglproject\openglproject\termproject.c(245): warning C4305: '함수': 'double'에서 'GLfloat'(으)로 잘립니다.
c:\users\happy\source\repos\openglproject\openglproject\termproject.c(246): warning C4305: '함수': 'double'에서 'GLfloat'(으)로 잘립니다.
c:\users\happy\source\repos\openglproject\openglproject\termproject.c(247): warning C4305: '함수': 'double'에서 'GLfloat'(으)로 잘립니다.
c:\users\happy\source\repos\openglproject\openglproject\termproject.c(254): warning C4305: '함수': 'double'에서 'GLfloat'(으)로 잘립니다.
c:\users\happy\source\repos\openglproject\openglproject\termproject.c(255): warning C4305: '함수': 'double'에서 'GLfloat'(으)로 잘립니다.
c:\users\happy\source\repos\openglproject\openglproject\termproject.c(256): warning C4305: '함수': 'double'에서 'GLfloat'(으)로 잘립니다.
c:\users\happy\source\repos\openglproject\openglproject\termproject.c(257): warning C4305: '함수': 'double'에서 'GLfloat'(으)로 잘립니다.
c:\users\happy\source\repos\openglproject\openglproject\termproject.c(259): warning C4305: '함수': 'double'에서 'GLfloat'(으)로 잘립니다.
c:\users\happy\source\repos\openglproject\openglproject\termproject.c(260): warning C4305: '함수': 'double'에서 'GLfloat'(으)로 잘립니다.
c:\users\happy\source\repos\openglproject\openglproject\termproject.c(261): warning C4305: '함수': 'double'에서 'GLfloat'(으)로 잘립니다.
c:\users\happy\source\repos\openglproject\openglproject\termproject.c(263): warning C4305: '함수': 'double'에서 'GLfloat'(으)로 잘립니다.
c:\users\happy\source\repos\openglproject\openglproject\termproject.c(264): warning C4305: '함수': 'double'에서 'GLfloat'(으)로 잘립니다.
c:\users\happy\source\repos\openglproject\openglproject\termproject.c(265): warning C4305: '함수': 'double'에서 'GLfloat'(으)로 잘립니다.
c:\users\happy\source\repos\openglproject\openglproject\termproject.c(267): warning C4305: '함수': 'double'에서 'GLfloat'(으)로 잘립니다.
c:\users\happy\source\repos\openglproject\openglproject\termproject.c(268): warning C4305: '함수': 'double'에서 'GLfloat'(으)로 잘립니다.
c:\users\happy\source\repos\openglproject\openglproject\termproject.c(269): warning C4305: '함수': 'double'에서 'GLfloat'(으)로 잘립니다.
c:\users\happy\source\repos\openglproject\openglproject\termproject.c(275): warning C4305: '함수': 'double'에서 'GLfloat'(으)로 잘립니다.
c:\users\happy\source\repos\openglproject\openglproject\termproject.c(279): warning C4305: '함수': 'double'에서 'GLfloat'(으)로 잘립니다.
c:\users\happy\source\repos\openglproject\openglproject\termproject.c(280): warning C4244: '함수': 'double'에서 'GLfloat'(으)로 변환하면서 데이터가 손실될 수 있습니다.
c:\users\happy\source\repos\openglproject\openglproject\termproject.c(280): warning C4305: '함수': 'double'에서 'GLfloat'(으)로 잘립니다.
c:\users\happy\source\repos\openglproject\openglproject\termproject.c(286): warning C4305: '함수': 'double'에서 'GLfloat'(으)로 잘립니다.
c:\users\happy\source\repos\openglproject\openglproject\termproject.c(287): warning C4244: '함수': 'double'에서 'GLfloat'(으)로 변환하면서 데이터가 손실될 수 있습니다.
c:\users\happy\source\repos\openglproject\openglproject\termproject.c(287): warning C4305: '함수': 'double'에서 'GLfloat'(으)로 잘립니다.
c:\users\happy\source\repos\openglproject\openglproject\termproject.c(293): warning C4305: '함수': 'double'에서 'GLfloat'(으)로 잘립니다.
c:\users\happy\source\repos\openglproject\openglproject\termproject.c(294): warning C4244: '함수': 'double'에서 'GLfloat'(으)로 변환하면서 데이터가 손실될 수 있습니다.
c:\users\happy\source\repos\openglproject\openglproject\termproject.c(294): warning C4305: '함수': 'double'에서 'GLfloat'(으)로 잘립니다.
c:\users\happy\source\repos\openglproject\openglproject\termproject.c(300): warning C4305: '함수': 'double'에서 'GLfloat'(으)로 잘립니다.
c:\users\happy\source\repos\openglproject\openglproject\termproject.c(301): warning C4244: '함수': 'double'에서 'GLfloat'(으)로 변환하면서 데이터가 손실될 수 있습니다.
c:\users\happy\source\repos\openglproject\openglproject\termproject.c(301): warning C4305: '함수': 'double'에서 'GLfloat'(으)로 잘립니다.
c:\users\happy\source\repos\openglproject\openglproject\termproject.c(305): warning C4305: '함수': 'double'에서 'GLfloat'(으)로 잘립니다.
c:\users\happy\source\repos\openglproject\openglproject\termproject.c(309): warning C4305: '함수': 'double'에서 'GLfloat'(으)로 잘립니다.
c:\users\happy\source\repos\openglproject\openglproject\termproject.c(312): warning C4305: '함수': 'double'에서 'GLfloat'(으)로 잘립니다.
c:\users\happy\source\repos\openglproject\openglproject\termproject.c(315): warning C4305: '함수': 'double'에서 'GLfloat'(으)로 잘립니다.
c:\users\happy\source\repos\openglproject\openglproject\termproject.c(373): warning C4305: '+=': 'double'에서 'GLfloat'(으)로 잘립니다.
c:\users\happy\source\repos\openglproject\openglproject\termproject.c(376): warning C4305: '+=': 'double'에서 'GLfloat'(으)로 잘립니다.
c:\users\happy\source\repos\openglproject\openglproject\termproject.c(383): warning C4305: '-=': 'double'에서 'GLfloat'(으)로 잘립니다.
c:\users\happy\source\repos\openglproject\openglproject\termproject.c(386): warning C4305: '-=': 'double'에서 'GLfloat'(으)로 잘립니다.
c:\users\happy\source\repos\openglproject\openglproject\termproject.c(402): warning C4305: '=': 'double'에서 'GLfloat'(으)로 잘립니다.
c:\users\happy\source\repos\openglproject\openglproject\termproject.c(426): warning C4113: 'GLvoid (__cdecl *)()'은(는) 'void (__cdecl *)(void)'과(와) 매개 변수 목록이 다릅니다.
  OpenGLProject.vcxproj -> C:\Users\happy\source\repos\OpenGLProject\x64\Debug\OpenGLProject.exe
